\BOOKMARK [0][-]{chapter*.3}{\376\377\004\022\004\022\004\025\004\024\004\025\004\035\004\030\004\025}{}% 1
\BOOKMARK [0][-]{chapter.1}{\376\377\004\020\004\075\004\060\004\073\004\070\004\102\004\070\004\107\004\065\004\101\004\072\004\070\004\071\000\040\004\100\004\060\004\067\004\064\004\065\004\073}{}% 2
\BOOKMARK [1][-]{section.1.1}{\376\377\004\037\004\076\004\101\004\102\004\060\004\075\004\076\004\062\004\072\004\060\000\040\004\067\004\060\004\064\004\060\004\107\004\070}{chapter.1}% 3
\BOOKMARK [1][-]{section.1.2}{\376\377\004\040\004\103\004\102\004\072\004\070\004\102\004\113}{chapter.1}% 4
\BOOKMARK [1][-]{section.1.3}{\376\377\004\041\004\076\004\072\004\100\004\113\004\102\004\070\004\065\000\040\004\077\004\100\004\076\004\106\004\065\004\101\004\101\004\076\004\062}{chapter.1}% 5
\BOOKMARK [1][-]{section.1.4}{\376\377\004\041\004\076\004\072\004\100\004\113\004\102\004\070\004\065\000\040\004\101\004\065\004\102\004\065\004\062\004\113\004\105\000\040\004\101\004\076\004\072\004\065\004\102\004\076\004\062}{chapter.1}% 6
\BOOKMARK [1][-]{section.1.5}{\376\377\004\020\004\075\004\060\004\073\004\070\004\067\000\040\004\101\004\077\004\076\004\101\004\076\004\061\004\076\004\062\000\040\004\077\004\065\004\100\004\065\004\105\004\062\004\060\004\102\004\060\000\040\004\104\004\103\004\075\004\072\004\106\004\070\004\071\000\040\004\062\000\040\004\117\004\064\004\100\004\065}{chapter.1}% 7
\BOOKMARK [2][-]{subsection.1.5.1}{\376\377\000L\000i\000n\000u\000x\000\040\000S\000e\000c\000u\000r\000i\000t\000y\000\040\000M\000o\000d\000u\000l\000e}{section.1.5}% 8
\BOOKMARK [2][-]{subsection.1.5.2}{\376\377\004\034\004\076\004\064\004\070\004\104\004\070\004\072\004\060\004\106\004\070\004\117\000\040\004\102\004\060\004\061\004\073\004\070\004\106\004\113\000\040\004\101\004\070\004\101\004\102\004\065\004\074\004\075\004\113\004\105\000\040\004\062\004\113\004\067\004\076\004\062\004\076\004\062}{section.1.5}% 9
\BOOKMARK [2][-]{subsection.1.5.3}{\376\377\000k\000p\000r\000o\000b\000e\000s}{section.1.5}% 10
\BOOKMARK [2][-]{subsection.1.5.4}{\376\377\000k\000h\000o\000o\000k}{section.1.5}% 11
\BOOKMARK [1][-]{section.1.6}{\376\377\004\022\004\113\004\061\004\076\004\100\000\040\004\101\004\077\004\076\004\101\004\076\004\061\004\060\000\040\004\077\004\065\004\100\004\065\004\105\004\062\004\060\004\102\004\060\000\040\004\104\004\103\004\075\004\072\004\106\004\070\004\070\000\040\004\062\000\040\004\117\004\064\004\100\004\065}{chapter.1}% 12
\BOOKMARK [1][-]{section.1.7}{\376\377\004\041\004\076\004\072\004\100\004\113\004\102\004\070\004\065\000\040\004\067\004\060\004\063\004\100\004\103\004\066\004\060\004\065\004\074\004\076\004\063\004\076\000\040\004\074\004\076\004\064\004\103\004\073\004\117\000\040\004\117\004\064\004\100\004\060}{chapter.1}% 13
\BOOKMARK [1][-]{section.1.8}{\376\377\004\041\004\102\004\100\004\103\004\072\004\102\004\103\004\100\004\060\000\040\000s\000t\000r\000u\000c\000t\000\040\000t\000a\000s\000k\000\137\000s\000t\000r\000u\000c\000t}{chapter.1}% 14
\BOOKMARK [1][-]{section.1.9}{\376\377\004\022\004\113\004\062\004\076\004\064\004\113}{chapter.1}% 15
\BOOKMARK [0][-]{chapter.2}{\376\377\004\032\004\076\004\075\004\101\004\102\004\100\004\103\004\072\004\102\004\076\004\100\004\101\004\072\004\070\004\071\000\040\004\100\004\060\004\067\004\064\004\065\004\073}{}% 16
\BOOKMARK [1][-]{section.2.1}{\376\377\004\037\004\076\004\101\004\073\004\065\004\064\004\076\004\062\004\060\004\102\004\065\004\073\004\114\004\075\004\076\004\101\004\102\004\114\000\040\004\064\004\065\004\071\004\101\004\102\004\062\004\070\004\071\000\040\004\064\004\073\004\117\000\040\004\101\004\076\004\072\004\100\004\113\004\102\004\070\004\117\000\040\004\077\004\100\004\070\004\101\004\103\004\102\004\101\004\102\004\062\004\070\004\117\000\040\004\077\004\076\004\073\004\114\004\067\004\076\004\062\004\060\004\102\004\065\004\073\004\117}{chapter.2}% 17
\BOOKMARK [1][-]{section.2.2}{\376\377\004\041\004\102\004\100\004\103\004\072\004\102\004\103\004\100\004\060\000\040\004\037\004\036}{chapter.2}% 18
\BOOKMARK [1][-]{section.2.3}{\376\377\004\041\004\076\004\072\004\100\004\113\004\102\004\070\004\065\000\040\004\077\004\100\004\076\004\106\004\065\004\101\004\101\004\076\004\062}{chapter.2}% 19
\BOOKMARK [1][-]{section.2.4}{\376\377\004\041\004\076\004\072\004\100\004\113\004\102\004\070\004\065\000\040\004\101\004\065\004\102\004\065\004\062\004\113\004\105\000\040\004\101\004\076\004\072\004\065\004\102\004\076\004\062}{chapter.2}% 20
\BOOKMARK [1][-]{section.2.5}{\376\377\004\022\004\113\004\062\004\076\004\064\004\113}{chapter.2}% 21
\BOOKMARK [0][-]{chapter.3}{\376\377\004\042\004\065\004\105\004\075\004\076\004\073\004\076\004\063\004\070\004\107\004\065\004\101\004\072\004\070\004\071\000\040\004\100\004\060\004\067\004\064\004\065\004\073}{}% 22
\BOOKMARK [1][-]{section.3.1}{\376\377\004\022\004\113\004\061\004\076\004\100\000\040\004\117\004\067\004\113\004\072\004\060\000\040\004\077\004\100\004\076\004\063\004\100\004\060\004\074\004\074\004\070\004\100\004\076\004\062\004\060\004\075\004\070\004\117\000\040\004\070\000\040\004\101\004\100\004\065\004\064\004\113\000\040\004\100\004\060\004\067\004\100\004\060\004\061\004\076\004\102\004\072\004\070}{chapter.3}% 23
\BOOKMARK [1][-]{section.3.2}{\376\377\004\022\004\067\004\060\004\070\004\074\004\076\004\064\004\065\004\071\004\101\004\102\004\062\004\070\004\065\000\040\004\101\000\040\004\077\004\076\004\073\004\114\004\067\004\076\004\062\004\060\004\102\004\065\004\073\004\065\004\074}{chapter.3}% 24
\BOOKMARK [1][-]{section.3.3}{\376\377\004\041\004\076\004\072\004\100\004\113\004\102\004\070\004\065\000\040\004\070\000\040\004\076\004\102\004\076\004\061\004\100\004\060\004\066\004\065\004\075\004\070\004\065\000\040\004\077\004\100\004\076\004\106\004\065\004\101\004\101\004\076\004\062}{chapter.3}% 25
\BOOKMARK [1][-]{section.3.4}{\376\377\004\041\004\076\004\072\004\100\004\113\004\102\004\070\004\065\000\040\004\070\000\040\004\076\004\102\004\076\004\061\004\100\004\060\004\066\004\065\004\075\004\070\004\065\000\040\004\101\004\076\004\072\004\065\004\102\004\076\004\062}{chapter.3}% 26
\BOOKMARK [0][-]{chapter.4}{\376\377\004\030\004\101\004\101\004\073\004\065\004\064\004\076\004\062\004\060\004\102\004\065\004\073\004\114\004\101\004\072\004\070\004\071\000\040\004\100\004\060\004\067\004\064\004\065\004\073}{}% 27
\BOOKMARK [0][-]{chapter*.12}{\376\377\004\027\004\020\004\032\004\033\004\056\004\047\004\025\004\035\004\030\004\025}{}% 28
\BOOKMARK [0][-]{chapter*.13}{\376\377\004\037\004\040\004\030\004\033\004\036\004\026\004\025\004\035\004\030\004\025\000\040\004\020}{}% 29
\BOOKMARK [1][-]{section*.14}{\376\377\004\040\004\025\004\020\004\033\004\030\004\027\004\020\004\046\004\030\004\057}{chapter*.13}% 30
\BOOKMARK [0][-]{chapter*.15}{\376\377\004\041\004\037\004\030\004\041\004\036\004\032\000\040\004\030\004\041\004\037\004\036\004\033\004\054\004\027\004\036\004\022\004\020\004\035\004\035\004\053\004\045\000\040\004\030\004\041\004\042\004\036\004\047\004\035\004\030\004\032\004\036\004\022}{}% 31
